# JRE version: Java(TM) SE Runtime Environment (8.0_111-b14) (build 1.8.0_111-b14)
# Java VM: Java HotSpot(TM) 64-Bit Server VM (25.111-b14 mixed mode linux-amd64 compressed oops)
Heap:
 PSYoungGen      total 422400K, used 111742K [0x000000076df80000, 0x0000000792100000, 0x00000007c0000000)
  eden space 363520K, 14% used [0x000000076df80000,0x0000000771324ee8,0x0000000784280000)
  from space 58880K, 99% used [0x0000000789700000,0x000000078d07a918,0x000000078d080000)
  to   space 86528K, 0% used [0x0000000784280000,0x0000000784280000,0x0000000789700000)
 ParOldGen       total 261120K, used 103733K [0x00000006c9e00000, 0x00000006d9d00000, 0x000000076df80000)
  object space 261120K, 39% used [0x00000006c9e00000,0x00000006d034d6c8,0x00000006d9d00000)
 Metaspace       used 75320K, capacity 77158K, committed 77440K, reserved 1116160K
  class space    used 9413K, capacity 10249K, committed 10368K, reserved 1048576K
GC Heap History (10 events):
Event: 6.877 GC heap before
{Heap before GC invocations=11 (full 2):
 PSYoungGen      total 299520K, used 16917K [0x000000076df80000, 0x0000000787e00000, 0x00000007c0000000)
  eden space 241152K, 0% used [0x000000076df80000,0x000000076df80000,0x000000077cb00000)
  from space 58368K, 28% used [0x000000077cb00000,0x000000077db85618,0x0000000780400000)
  to   space 55808K, 0% used [0x0000000784780000,0x0000000784780000,0x0000000787e00000)
 ParOldGen       total 128512K, used 59848K [0x00000006c9e00000, 0x00000006d1b80000, 0x000000076df80000)
  object space 128512K, 46% used [0x00000006c9e00000,0x00000006cd8721f0,0x00000006d1b80000)
 Metaspace       used 34757K, capacity 35384K, committed 35456K, reserved 1081344K
  class space    used 4287K, capacity 4468K, committed 4480K, reserved 1048576K
Event: 6.958 GC heap after
Heap after GC invocations=11 (full 2):
 PSYoungGen      total 299520K, used 0K [0x000000076df80000, 0x0000000787e00000, 0x00000007c0000000)
  eden space 241152K, 0% used [0x000000076df80000,0x000000076df80000,0x000000077cb00000)
  from space 58368K, 0% used [0x000000077cb00000,0x000000077cb00000,0x0000000780400000)
  to   space 55808K, 0% used [0x0000000784780000,0x0000000784780000,0x0000000787e00000)
 ParOldGen       total 198656K, used 35507K [0x00000006c9e00000, 0x00000006d6000000, 0x000000076df80000)
  object space 198656K, 17% used [0x00000006c9e00000,0x00000006cc0acfb0,0x00000006d6000000)
 Metaspace       used 34757K, capacity 35384K, committed 35456K, reserved 1081344K
  class space    used 4287K, capacity 4468K, committed 4480K, reserved 1048576K
}
Event: 10.153 GC heap before
{Heap before GC invocations=12 (full 2):
 PSYoungGen      total 299520K, used 195983K [0x000000076df80000, 0x0000000787e00000, 0x00000007c0000000)
  eden space 241152K, 81% used [0x000000076df80000,0x0000000779ee3e88,0x000000077cb00000)
  from space 58368K, 0% used [0x000000077cb00000,0x000000077cb00000,0x0000000780400000)
  to   space 55808K, 0% used [0x0000000784780000,0x0000000784780000,0x0000000787e00000)
 ParOldGen       total 198656K, used 35507K [0x00000006c9e00000, 0x00000006d6000000, 0x000000076df80000)
  object space 198656K, 17% used [0x00000006c9e00000,0x00000006cc0acfb0,0x00000006d6000000)
 Metaspace       used 57810K, capacity 59050K, committed 59096K, reserved 1101824K
  class space    used 7240K, capacity 7804K, committed 7808K, reserved 1048576K
Event: 10.179 GC heap after
Heap after GC invocations=12 (full 2):
 PSYoungGen      total 369152K, used 26119K [0x000000076df80000, 0x0000000787c80000, 0x00000007c0000000)
  eden space 314880K, 0% used [0x000000076df80000,0x000000076df80000,0x0000000781300000)
  from space 54272K, 48% used [0x0000000784780000,0x0000000786101fd0,0x0000000787c80000)
  to   space 53760K, 0% used [0x0000000781300000,0x0000000781300000,0x0000000784780000)
 ParOldGen       total 198656K, used 35515K [0x00000006c9e00000, 0x00000006d6000000, 0x000000076df80000)
  object space 198656K, 17% used [0x00000006c9e00000,0x00000006cc0aefb0,0x00000006d6000000)
 Metaspace       used 57810K, capacity 59050K, committed 59096K, reserved 1101824K
  class space    used 7240K, capacity 7804K, committed 7808K, reserved 1048576K
}
Event: 10.179 GC heap before
{Heap before GC invocations=13 (full 3):
 PSYoungGen      total 369152K, used 26119K [0x000000076df80000, 0x0000000787c80000, 0x00000007c0000000)
  eden space 314880K, 0% used [0x000000076df80000,0x000000076df80000,0x0000000781300000)
  from space 54272K, 48% used [0x0000000784780000,0x0000000786101fd0,0x0000000787c80000)
  to   space 53760K, 0% used [0x0000000781300000,0x0000000781300000,0x0000000784780000)
 ParOldGen       total 198656K, used 35515K [0x00000006c9e00000, 0x00000006d6000000, 0x000000076df80000)
  object space 198656K, 17% used [0x00000006c9e00000,0x00000006cc0aefb0,0x00000006d6000000)
 Metaspace       used 57810K, capacity 59050K, committed 59096K, reserved 1101824K
  class space    used 7240K, capacity 7804K, committed 7808K, reserved 1048576K
Event: 10.343 GC heap after
Heap after GC invocations=13 (full 3):
 PSYoungGen      total 369152K, used 0K [0x000000076df80000, 0x0000000787c80000, 0x00000007c0000000)
  eden space 314880K, 0% used [0x000000076df80000,0x000000076df80000,0x0000000781300000)
  from space 54272K, 0% used [0x0000000784780000,0x0000000784780000,0x0000000787c80000)
  to   space 53760K, 0% used [0x0000000781300000,0x0000000781300000,0x0000000784780000)
 ParOldGen       total 261120K, used 52925K [0x00000006c9e00000, 0x00000006d9d00000, 0x000000076df80000)
  object space 261120K, 20% used [0x00000006c9e00000,0x00000006cd1af450,0x00000006d9d00000)
 Metaspace       used 57743K, capacity 58808K, committed 59096K, reserved 1101824K
  class space    used 7223K, capacity 7667K, committed 7808K, reserved 1048576K
}
Event: 690.290 GC heap before
{Heap before GC invocations=14 (full 3):
 PSYoungGen      total 369152K, used 314880K [0x000000076df80000, 0x0000000787c80000, 0x00000007c0000000)
  eden space 314880K, 100% used [0x000000076df80000,0x0000000781300000,0x0000000781300000)
  from space 54272K, 0% used [0x0000000784780000,0x0000000784780000,0x0000000787c80000)
  to   space 53760K, 0% used [0x0000000781300000,0x0000000781300000,0x0000000784780000)
 ParOldGen       total 261120K, used 52925K [0x00000006c9e00000, 0x00000006d9d00000, 0x000000076df80000)
  object space 261120K, 20% used [0x00000006c9e00000,0x00000006cd1af450,0x00000006d9d00000)
 Metaspace       used 74838K, capacity 76638K, committed 77056K, reserved 1116160K
  class space    used 9343K, capacity 10170K, committed 10240K, reserved 1048576K
Event: 690.389 GC heap after
Heap after GC invocations=14 (full 3):
 PSYoungGen      total 368640K, used 45342K [0x000000076df80000, 0x000000078d080000, 0x00000007c0000000)
  eden space 314880K, 0% used [0x000000076df80000,0x000000076df80000,0x0000000781300000)
  from space 53760K, 84% used [0x0000000781300000,0x0000000783f47b10,0x0000000784780000)
  to   space 58880K, 0% used [0x0000000789700000,0x0000000789700000,0x000000078d080000)
 ParOldGen       total 261120K, used 52933K [0x00000006c9e00000, 0x00000006d9d00000, 0x000000076df80000)
  object space 261120K, 20% used [0x00000006c9e00000,0x00000006cd1b1450,0x00000006d9d00000)
 Metaspace       used 74838K, capacity 76638K, committed 77056K, reserved 1116160K
  class space    used 9343K, capacity 10170K, committed 10240K, reserved 1048576K
}
Event: 692.985 GC heap before
{Heap before GC invocations=15 (full 3):
 PSYoungGen      total 368640K, used 360222K [0x000000076df80000, 0x000000078d080000, 0x00000007c0000000)
  eden space 314880K, 100% used [0x000000076df80000,0x0000000781300000,0x0000000781300000)
  from space 53760K, 84% used [0x0000000781300000,0x0000000783f47b10,0x0000000784780000)
  to   space 58880K, 0% used [0x0000000789700000,0x0000000789700000,0x000000078d080000)
 ParOldGen       total 261120K, used 52933K [0x00000006c9e00000, 0x00000006d9d00000, 0x000000076df80000)
  object space 261120K, 20% used [0x00000006c9e00000,0x00000006cd1b1450,0x00000006d9d00000)
 Metaspace       used 74847K, capacity 76638K, committed 77056K, reserved 1116160K
  class space    used 9343K, capacity 10170K, committed 10240K, reserved 1048576K
Event: 693.289 GC heap after
Heap after GC invocations=15 (full 3):
 PSYoungGen      total 422400K, used 58858K [0x000000076df80000, 0x0000000792100000, 0x00000007c0000000)
  eden space 363520K, 0% used [0x000000076df80000,0x000000076df80000,0x0000000784280000)
  from space 58880K, 99% used [0x0000000789700000,0x000000078d07a918,0x000000078d080000)
  to   space 86528K, 0% used [0x0000000784280000,0x0000000784280000,0x0000000789700000)
 ParOldGen       total 261120K, used 103733K [0x00000006c9e00000, 0x00000006d9d00000, 0x000000076df80000)
  object space 261120K, 39% used [0x00000006c9e00000,0x00000006d034d6c8,0x00000006d9d00000)
 Metaspace       used 74847K, capacity 76638K, committed 77056K, reserved 1116160K
  class space    used 9343K, capacity 10170K, committed 10240K, reserved 1048576K
}

